Command line invocation:
    /Applications/Xcode.app/Contents/Developer/usr/bin/xcodebuild -scheme "MarkDown Mac" -configuration Debug -destination platform=macOS,arch=arm64 build

2025-12-20 04:25:31.293 xcodebuild[8940:3833653] [MT] IDERunDestination: Supported platforms for the buildables in the current scheme is empty.
ComputePackagePrebuildTargetDependencyGraph

Prepare packages

CreateBuildRequest

SendProjectDescription

CreateBuildOperation

ComputeTargetDependencyGraph
note: Building targets in dependency order
note: Target dependency graph (1 target)
    Target 'MarkDown Mac' in project 'MarkDown Mac' (no dependencies)

GatherProvisioningInputs

CreateBuildDescription

ClangStatCache /Applications/Xcode.app/Contents/Developer/Toolchains/XcodeDefault.xctoolchain/usr/bin/clang-stat-cache /Applications/Xcode.app/Contents/Developer/Platforms/MacOSX.platform/Developer/SDKs/MacOSX26.2.sdk /Users/mario/Library/Developer/Xcode/DerivedData/SDKStatCaches.noindex/macosx26.2-25C57-00fa09913b459cbbc988d1f6730289ae.sdkstatcache
    cd /Users/mario/Sites/localhost/MarkDown\ Mac/MarkDown\ Mac.xcodeproj
    /Applications/Xcode.app/Contents/Developer/Toolchains/XcodeDefault.xctoolchain/usr/bin/clang-stat-cache /Applications/Xcode.app/Contents/Developer/Platforms/MacOSX.platform/Developer/SDKs/MacOSX26.2.sdk -o /Users/mario/Library/Developer/Xcode/DerivedData/SDKStatCaches.noindex/macosx26.2-25C57-00fa09913b459cbbc988d1f6730289ae.sdkstatcache

SwiftDriver MarkDown\ Mac normal arm64 com.apple.xcode.tools.swift.compiler (in target 'MarkDown Mac' from project 'MarkDown Mac')
    cd /Users/mario/Sites/localhost/MarkDown\ Mac
    builtin-SwiftDriver -- /Applications/Xcode.app/Contents/Developer/Toolchains/XcodeDefault.xctoolchain/usr/bin/swiftc -module-name MarkDown_Mac -Onone -enforce-exclusivity\=checked @/Users/mario/Library/Developer/Xcode/DerivedData/MarkDown_Mac-dmvngifibkczqaedzffysadtspfk/Build/Intermediates.noindex/MarkDown\ Mac.build/Debug/MarkDown\ Mac.build/Objects-normal/arm64/MarkDown\ Mac.SwiftFileList -DDEBUG -default-isolation\=MainActor -enable-bare-slash-regex -enable-upcoming-feature DisableOutwardActorInference -enable-upcoming-feature InferSendableFromCaptures -enable-upcoming-feature GlobalActorIsolatedTypesUsability -enable-upcoming-feature MemberImportVisibility -enable-upcoming-feature InferIsolatedConformances -enable-upcoming-feature NonisolatedNonsendingByDefault -enable-experimental-feature DebugDescriptionMacro -sdk /Applications/Xcode.app/Contents/Developer/Platforms/MacOSX.platform/Developer/SDKs/MacOSX26.2.sdk -target arm64-apple-macos26.1 -g -module-cache-path /Users/mario/Library/Developer/Xcode/DerivedData/ModuleCache.noindex -Xfrontend -serialize-debugging-options -profile-coverage-mapping -profile-generate -enable-testing -index-store-path /Users/mario/Library/Developer/Xcode/DerivedData/MarkDown_Mac-dmvngifibkczqaedzffysadtspfk/Index.noindex/DataStore -Xcc -D_LIBCPP_HARDENING_MODE\=_LIBCPP_HARDENING_MODE_DEBUG -swift-version 5 -I /Users/mario/Library/Developer/Xcode/DerivedData/MarkDown_Mac-dmvngifibkczqaedzffysadtspfk/Build/Products/Debug -F /Users/mario/Library/Developer/Xcode/DerivedData/MarkDown_Mac-dmvngifibkczqaedzffysadtspfk/Build/Products/Debug -emit-localized-strings -emit-localized-strings-path /Users/mario/Library/Developer/Xcode/DerivedData/MarkDown_Mac-dmvngifibkczqaedzffysadtspfk/Build/Intermediates.noindex/MarkDown\ Mac.build/Debug/MarkDown\ Mac.build/Objects-normal/arm64 -c -j8 -enable-batch-mode -incremental -Xcc -ivfsstatcache -Xcc /Users/mario/Library/Developer/Xcode/DerivedData/SDKStatCaches.noindex/macosx26.2-25C57-00fa09913b459cbbc988d1f6730289ae.sdkstatcache -output-file-map /Users/mario/Library/Developer/Xcode/DerivedData/MarkDown_Mac-dmvngifibkczqaedzffysadtspfk/Build/Intermediates.noindex/MarkDown\ Mac.build/Debug/MarkDown\ Mac.build/Objects-normal/arm64/MarkDown\ Mac-OutputFileMap.json -use-frontend-parseable-output -save-temps -no-color-diagnostics -explicit-module-build -module-cache-path /Users/mario/Library/Developer/Xcode/DerivedData/MarkDown_Mac-dmvngifibkczqaedzffysadtspfk/Build/Intermediates.noindex/SwiftExplicitPrecompiledModules -clang-scanner-module-cache-path /Users/mario/Library/Developer/Xcode/DerivedData/ModuleCache.noindex -sdk-module-cache-path /Users/mario/Library/Developer/Xcode/DerivedData/ModuleCache.noindex -serialize-diagnostics -emit-dependencies -emit-module -emit-module-path /Users/mario/Library/Developer/Xcode/DerivedData/MarkDown_Mac-dmvngifibkczqaedzffysadtspfk/Build/Intermediates.noindex/MarkDown\ Mac.build/Debug/MarkDown\ Mac.build/Objects-normal/arm64/MarkDown_Mac.swiftmodule -validate-clang-modules-once -clang-build-session-file /Users/mario/Library/Developer/Xcode/DerivedData/ModuleCache.noindex/Session.modulevalidation -Xcc -I/Users/mario/Library/Developer/Xcode/DerivedData/MarkDown_Mac-dmvngifibkczqaedzffysadtspfk/Build/Intermediates.noindex/MarkDown\ Mac.build/Debug/MarkDown\ Mac.build/swift-overrides.hmap -emit-const-values -Xfrontend -const-gather-protocols-file -Xfrontend /Users/mario/Library/Developer/Xcode/DerivedData/MarkDown_Mac-dmvngifibkczqaedzffysadtspfk/Build/Intermediates.noindex/MarkDown\ Mac.build/Debug/MarkDown\ Mac.build/Objects-normal/arm64/MarkDown\ Mac_const_extract_protocols.json -Xcc -iquote -Xcc /Users/mario/Library/Developer/Xcode/DerivedData/MarkDown_Mac-dmvngifibkczqaedzffysadtspfk/Build/Intermediates.noindex/MarkDown\ Mac.build/Debug/MarkDown\ Mac.build/MarkDown\ Mac-generated-files.hmap -Xcc -I/Users/mario/Library/Developer/Xcode/DerivedData/MarkDown_Mac-dmvngifibkczqaedzffysadtspfk/Build/Intermediates.noindex/MarkDown\ Mac.build/Debug/MarkDown\ Mac.build/MarkDown\ Mac-own-target-headers.hmap -Xcc -I/Users/mario/Library/Developer/Xcode/DerivedData/MarkDown_Mac-dmvngifibkczqaedzffysadtspfk/Build/Intermediates.noindex/MarkDown\ Mac.build/Debug/MarkDown\ Mac.build/MarkDown\ Mac-all-target-headers.hmap -Xcc -iquote -Xcc /Users/mario/Library/Developer/Xcode/DerivedData/MarkDown_Mac-dmvngifibkczqaedzffysadtspfk/Build/Intermediates.noindex/MarkDown\ Mac.build/Debug/MarkDown\ Mac.build/MarkDown\ Mac-project-headers.hmap -Xcc -I/Users/mario/Library/Developer/Xcode/DerivedData/MarkDown_Mac-dmvngifibkczqaedzffysadtspfk/Build/Products/Debug/include -Xcc -I/Users/mario/Library/Developer/Xcode/DerivedData/MarkDown_Mac-dmvngifibkczqaedzffysadtspfk/Build/Intermediates.noindex/MarkDown\ Mac.build/Debug/MarkDown\ Mac.build/DerivedSources-normal/arm64 -Xcc -I/Users/mario/Library/Developer/Xcode/DerivedData/MarkDown_Mac-dmvngifibkczqaedzffysadtspfk/Build/Intermediates.noindex/MarkDown\ Mac.build/Debug/MarkDown\ Mac.build/DerivedSources/arm64 -Xcc -I/Users/mario/Library/Developer/Xcode/DerivedData/MarkDown_Mac-dmvngifibkczqaedzffysadtspfk/Build/Intermediates.noindex/MarkDown\ Mac.build/Debug/MarkDown\ Mac.build/DerivedSources -Xcc -DDEBUG\=1 -emit-objc-header -emit-objc-header-path /Users/mario/Library/Developer/Xcode/DerivedData/MarkDown_Mac-dmvngifibkczqaedzffysadtspfk/Build/Intermediates.noindex/MarkDown\ Mac.build/Debug/MarkDown\ Mac.build/Objects-normal/arm64/MarkDown_Mac-Swift.h -working-directory /Users/mario/Sites/localhost/MarkDown\ Mac -experimental-emit-module-separately -disable-cmo

SwiftEmitModule normal arm64 Emitting\ module\ for\ MarkDown_Mac (in target 'MarkDown Mac' from project 'MarkDown Mac')

EmitSwiftModule normal arm64 (in target 'MarkDown Mac' from project 'MarkDown Mac')
    cd /Users/mario/Sites/localhost/MarkDown\ Mac
    

SwiftCompile normal arm64 Compiling\ NoteManager.swift /Users/mario/Sites/localhost/MarkDown\ Mac/MarkDown\ Mac/NoteManager.swift (in target 'MarkDown Mac' from project 'MarkDown Mac')
SwiftCompile normal arm64 /Users/mario/Sites/localhost/MarkDown\ Mac/MarkDown\ Mac/NoteManager.swift (in target 'MarkDown Mac' from project 'MarkDown Mac')
    cd /Users/mario/Sites/localhost/MarkDown\ Mac
    

SwiftCompile normal arm64 Compiling\ HybridMarkdownEditor.swift /Users/mario/Sites/localhost/MarkDown\ Mac/MarkDown\ Mac/HybridMarkdownEditor.swift (in target 'MarkDown Mac' from project 'MarkDown Mac')
SwiftCompile normal arm64 /Users/mario/Sites/localhost/MarkDown\ Mac/MarkDown\ Mac/HybridMarkdownEditor.swift (in target 'MarkDown Mac' from project 'MarkDown Mac')
    cd /Users/mario/Sites/localhost/MarkDown\ Mac
    

SwiftCompile normal arm64 Compiling\ ContentView.swift /Users/mario/Sites/localhost/MarkDown\ Mac/MarkDown\ Mac/ContentView.swift (in target 'MarkDown Mac' from project 'MarkDown Mac')
SwiftCompile normal arm64 /Users/mario/Sites/localhost/MarkDown\ Mac/MarkDown\ Mac/ContentView.swift (in target 'MarkDown Mac' from project 'MarkDown Mac')
    cd /Users/mario/Sites/localhost/MarkDown\ Mac
    
/Users/mario/Sites/localhost/MarkDown Mac/MarkDown Mac/ContentView.swift:236:67: error: value of optional type 'NoteLifetimeManager?' must be unwrapped to a value of type 'NoteLifetimeManager'
            NoteLifetimeSettingsView(lifetimeManager: noteManager.lifetimeManager)
                                                                  ^
/Users/mario/Sites/localhost/MarkDown Mac/MarkDown Mac/ContentView.swift:236:67: note: coalesce using '??' to provide a default when the optional value contains 'nil'
            NoteLifetimeSettingsView(lifetimeManager: noteManager.lifetimeManager)
                                                                  ^
                                                                                  ?? <#default value#>
/Users/mario/Sites/localhost/MarkDown Mac/MarkDown Mac/ContentView.swift:236:67: note: force-unwrap using '!' to abort execution if the optional value contains 'nil'
            NoteLifetimeSettingsView(lifetimeManager: noteManager.lifetimeManager)
                                                                  ^
                                                                                 !
/Users/mario/Sites/localhost/MarkDown Mac/MarkDown Mac/ContentView.swift:239:60: error: value of optional type 'NoteLifetimeManager?' must be unwrapped to a value of type 'NoteLifetimeManager'
            ArchivedNotesView(lifetimeManager: noteManager.lifetimeManager)
                                                           ^
/Users/mario/Sites/localhost/MarkDown Mac/MarkDown Mac/ContentView.swift:239:60: note: coalesce using '??' to provide a default when the optional value contains 'nil'
            ArchivedNotesView(lifetimeManager: noteManager.lifetimeManager)
                                                           ^
                                                                           ?? <#default value#>
/Users/mario/Sites/localhost/MarkDown Mac/MarkDown Mac/ContentView.swift:239:60: note: force-unwrap using '!' to abort execution if the optional value contains 'nil'
            ArchivedNotesView(lifetimeManager: noteManager.lifetimeManager)
                                                           ^
                                                                          !

Failed frontend command:
/Applications/Xcode.app/Contents/Developer/Toolchains/XcodeDefault.xctoolchain/usr/bin/swift-frontend -frontend -c /Users/mario/Sites/localhost/MarkDown\ Mac/MarkdownPreviewView.swift /Users/mario/Sites/localhost/MarkDown\ Mac/HSplitView.swift /Users/mario/Sites/localhost/MarkDown\ Mac/NativeMarkdownEditor\ 2.swift /Users/mario/Sites/localhost/MarkDown\ Mac/MarkDown\ Mac/MarkDown_MacApp.swift -primary-file /Users/mario/Sites/localhost/MarkDown\ Mac/MarkDown\ Mac/ContentView.swift /Users/mario/Sites/localhost/MarkDown\ Mac/MarkDown\ Mac/HybridMarkdownEditor.swift /Users/mario/Sites/localhost/MarkDown\ Mac/MermaidRenderer.swift /Users/mario/Sites/localhost/MarkDown\ Mac/MarkDown\ Mac/NoteManager.swift -emit-dependencies-path /Users/mario/Library/Developer/Xcode/DerivedData/MarkDown_Mac-dmvngifibkczqaedzffysadtspfk/Build/Intermediates.noindex/MarkDown\ Mac.build/Debug/MarkDown\ Mac.build/Objects-normal/arm64/ContentView.d -emit-const-values-path /Users/mario/Library/Developer/Xcode/DerivedData/MarkDown_Mac-dmvngifibkczqaedzffysadtspfk/Build/Intermediates.noindex/MarkDown\ Mac.build/Debug/MarkDown\ Mac.build/Objects-normal/arm64/ContentView.swiftconstvalues -emit-reference-dependencies-path /Users/mario/Library/Developer/Xcode/DerivedData/MarkDown_Mac-dmvngifibkczqaedzffysadtspfk/Build/Intermediates.noindex/MarkDown\ Mac.build/Debug/MarkDown\ Mac.build/Objects-normal/arm64/ContentView.swiftdeps -serialize-diagnostics-path /Users/mario/Library/Developer/Xcode/DerivedData/MarkDown_Mac-dmvngifibkczqaedzffysadtspfk/Build/Intermediates.noindex/MarkDown\ Mac.build/Debug/MarkDown\ Mac.build/Objects-normal/arm64/ContentView.dia -emit-localized-strings -emit-localized-strings-path /Users/mario/Library/Developer/Xcode/DerivedData/MarkDown_Mac-dmvngifibkczqaedzffysadtspfk/Build/Intermediates.noindex/MarkDown\ Mac.build/Debug/MarkDown\ Mac.build/Objects-normal/arm64 -target arm64-apple-macos26.1 -disable-cross-import-overlay-search -swift-module-cross-import WebKit /Applications/Xcode.app/Contents/Developer/Platforms/MacOSX.platform/Developer/SDKs/MacOSX.sdk/System/Cryptexes/OS/System/Library/Frameworks/WebKit.framework/Modules/WebKit.swiftcrossimport/SwiftUI.swiftoverlay -swift-module-cross-import WebKit /Applications/Xcode.app/Contents/Developer/Platforms/MacOSX.platform/Developer/SDKs/MacOSX26.2.sdk/System/Library/Frameworks/WebKit.framework/Modules/WebKit.swiftcrossimport/SwiftUI.swiftoverlay -load-resolved-plugin /Applications/Xcode.app/Contents/Developer/Platforms/MacOSX.platform/Developer/usr/lib/swift/host/plugins/libFoundationMacros.dylib\#/Applications/Xcode.app/Contents/Developer/Platforms/MacOSX.platform/Developer/usr/bin/swift-plugin-server\#FoundationMacros -load-resolved-plugin /Applications/Xcode.app/Contents/Developer/Platforms/MacOSX.platform/Developer/usr/lib/swift/host/plugins/libObservationMacros.dylib\#/Applications/Xcode.app/Contents/Developer/Platforms/MacOSX.platform/Developer/usr/bin/swift-plugin-server\#ObservationMacros -load-resolved-plugin /Applications/Xcode.app/Contents/Developer/Platforms/MacOSX.platform/Developer/usr/lib/swift/host/plugins/libPreviewsMacros.dylib\#/Applications/Xcode.app/Contents/Developer/Platforms/MacOSX.platform/Developer/usr/bin/swift-plugin-server\#PreviewsMacros -load-resolved-plugin /Applications/Xcode.app/Contents/Developer/Platforms/MacOSX.platform/Developer/usr/lib/swift/host/plugins/libSwiftMacros.dylib\#/Applications/Xcode.app/Contents/Developer/Platforms/MacOSX.platform/Developer/usr/bin/swift-plugin-server\#SwiftMacros -load-resolved-plugin /Applications/Xcode.app/Contents/Developer/Platforms/MacOSX.platform/Developer/usr/lib/swift/host/plugins/libSwiftUIMacros.dylib\#/Applications/Xcode.app/Contents/Developer/Platforms/MacOSX.platform/Developer/usr/bin/swift-plugin-server\#SwiftUIMacros -disable-implicit-swift-modules -Xcc -fno-implicit-modules -Xcc -fno-implicit-module-maps -explicit-swift-module-map-file /Users/mario/Library/Developer/Xcode/DerivedData/MarkDown_Mac-dmvngifibkczqaedzffysadtspfk/Build/Intermediates.noindex/MarkDown\ Mac.build/Debug/MarkDown\ Mac.build/Objects-normal/arm64/MarkDown_Mac-dependencies-1.json -Xllvm -aarch64-use-tbi -enable-objc-interop -stack-check -sdk /Applications/Xcode.app/Contents/Developer/Platforms/MacOSX.platform/Developer/SDKs/MacOSX26.2.sdk -I /Users/mario/Library/Developer/Xcode/DerivedData/MarkDown_Mac-dmvngifibkczqaedzffysadtspfk/Build/Products/Debug -F /Users/mario/Library/Developer/Xcode/DerivedData/MarkDown_Mac-dmvngifibkczqaedzffysadtspfk/Build/Products/Debug -no-color-diagnostics -Xcc -fno-color-diagnostics -enable-testing -g -debug-info-format\=dwarf -dwarf-version\=5 -module-cache-path /Users/mario/Library/Developer/Xcode/DerivedData/MarkDown_Mac-dmvngifibkczqaedzffysadtspfk/Build/Intermediates.noindex/SwiftExplicitPrecompiledModules -profile-generate -profile-coverage-mapping -swift-version 5 -enforce-exclusivity\=checked -Onone -D DEBUG -serialize-debugging-options -const-gather-protocols-file /Users/mario/Library/Developer/Xcode/DerivedData/MarkDown_Mac-dmvngifibkczqaedzffysadtspfk/Build/Intermediates.noindex/MarkDown\ Mac.build/Debug/MarkDown\ Mac.build/Objects-normal/arm64/MarkDown\ Mac_const_extract_protocols.json -enable-upcoming-feature DisableOutwardActorInference -enable-upcoming-feature InferSendableFromCaptures -enable-upcoming-feature GlobalActorIsolatedTypesUsability -enable-upcoming-feature MemberImportVisibility -enable-upcoming-feature InferIsolatedConformances -enable-upcoming-feature NonisolatedNonsendingByDefault -enable-experimental-feature DebugDescriptionMacro -enable-bare-slash-regex -default-isolation\=MainActor -empty-abi-descriptor -validate-clang-modules-once -clang-build-session-file /Users/mario/Library/Developer/Xcode/DerivedData/ModuleCache.noindex/Session.modulevalidation -Xcc -working-directory -Xcc /Users/mario/Sites/localhost/MarkDown\ Mac -enable-anonymous-context-mangled-names -file-compilation-dir /Users/mario/Sites/localhost/MarkDown\ Mac -Xcc -D_LIBCPP_HARDENING_MODE\=_LIBCPP_HARDENING_MODE_DEBUG -Xcc -ivfsstatcache -Xcc /Users/mario/Library/Developer/Xcode/DerivedData/SDKStatCaches.noindex/macosx26.2-25C57-00fa09913b459cbbc988d1f6730289ae.sdkstatcache -Xcc -I/Users/mario/Library/Developer/Xcode/DerivedData/MarkDown_Mac-dmvngifibkczqaedzffysadtspfk/Build/Intermediates.noindex/MarkDown\ Mac.build/Debug/MarkDown\ Mac.build/swift-overrides.hmap -Xcc -iquote -Xcc /Users/mario/Library/Developer/Xcode/DerivedData/MarkDown_Mac-dmvngifibkczqaedzffysadtspfk/Build/Intermediates.noindex/MarkDown\ Mac.build/Debug/MarkDown\ Mac.build/MarkDown\ Mac-generated-files.hmap -Xcc -I/Users/mario/Library/Developer/Xcode/DerivedData/MarkDown_Mac-dmvngifibkczqaedzffysadtspfk/Build/Intermediates.noindex/MarkDown\ Mac.build/Debug/MarkDown\ Mac.build/MarkDown\ Mac-own-target-headers.hmap -Xcc -I/Users/mario/Library/Developer/Xcode/DerivedData/MarkDown_Mac-dmvngifibkczqaedzffysadtspfk/Build/Intermediates.noindex/MarkDown\ Mac.build/Debug/MarkDown\ Mac.build/MarkDown\ Mac-all-target-headers.hmap -Xcc -iquote -Xcc /Users/mario/Library/Developer/Xcode/DerivedData/MarkDown_Mac-dmvngifibkczqaedzffysadtspfk/Build/Intermediates.noindex/MarkDown\ Mac.build/Debug/MarkDown\ Mac.build/MarkDown\ Mac-project-headers.hmap -Xcc -I/Users/mario/Library/Developer/Xcode/DerivedData/MarkDown_Mac-dmvngifibkczqaedzffysadtspfk/Build/Products/Debug/include -Xcc -I/Users/mario/Library/Developer/Xcode/DerivedData/MarkDown_Mac-dmvngifibkczqaedzffysadtspfk/Build/Intermediates.noindex/MarkDown\ Mac.build/Debug/MarkDown\ Mac.build/DerivedSources-normal/arm64 -Xcc -I/Users/mario/Library/Developer/Xcode/DerivedData/MarkDown_Mac-dmvngifibkczqaedzffysadtspfk/Build/Intermediates.noindex/MarkDown\ Mac.build/Debug/MarkDown\ Mac.build/DerivedSources/arm64 -Xcc -I/Users/mario/Library/Developer/Xcode/DerivedData/MarkDown_Mac-dmvngifibkczqaedzffysadtspfk/Build/Intermediates.noindex/MarkDown\ Mac.build/Debug/MarkDown\ Mac.build/DerivedSources -Xcc -DDEBUG\=1 -no-auto-bridging-header-chaining -module-name MarkDown_Mac -frontend-parseable-output -disable-clang-spi -target-sdk-version 26.2 -target-sdk-name macosx26.2 -clang-target arm64-apple-macos26.2 -in-process-plugin-server-path /Applications/Xcode.app/Contents/Developer/Toolchains/XcodeDefault.xctoolchain/usr/lib/swift/host/libSwiftInProcPluginServer.dylib -o /Users/mario/Library/Developer/Xcode/DerivedData/MarkDown_Mac-dmvngifibkczqaedzffysadtspfk/Build/Intermediates.noindex/MarkDown\ Mac.build/Debug/MarkDown\ Mac.build/Objects-normal/arm64/ContentView.o -index-unit-output-path /MarkDown\ Mac.build/Debug/MarkDown\ Mac.build/Objects-normal/arm64/ContentView.o -index-store-path /Users/mario/Library/Developer/Xcode/DerivedData/MarkDown_Mac-dmvngifibkczqaedzffysadtspfk/Index.noindex/DataStore -index-system-modules
SwiftDriverJobDiscovery normal arm64 Compiling NoteManager.swift (in target 'MarkDown Mac' from project 'MarkDown Mac')

SwiftCompile normal arm64 Compiling\ HSplitView.swift /Users/mario/Sites/localhost/MarkDown\ Mac/HSplitView.swift (in target 'MarkDown Mac' from project 'MarkDown Mac')

SwiftCompile normal arm64 /Users/mario/Sites/localhost/MarkDown\ Mac/HSplitView.swift (in target 'MarkDown Mac' from project 'MarkDown Mac')
    cd /Users/mario/Sites/localhost/MarkDown\ Mac
    

SwiftCompile normal arm64 Compiling\ MarkdownPreviewView.swift /Users/mario/Sites/localhost/MarkDown\ Mac/MarkdownPreviewView.swift (in target 'MarkDown Mac' from project 'MarkDown Mac')

SwiftCompile normal arm64 /Users/mario/Sites/localhost/MarkDown\ Mac/MarkdownPreviewView.swift (in target 'MarkDown Mac' from project 'MarkDown Mac')
    cd /Users/mario/Sites/localhost/MarkDown\ Mac
    

SwiftCompile normal arm64 Compiling\ MermaidRenderer.swift /Users/mario/Sites/localhost/MarkDown\ Mac/MermaidRenderer.swift (in target 'MarkDown Mac' from project 'MarkDown Mac')

SwiftCompile normal arm64 /Users/mario/Sites/localhost/MarkDown\ Mac/MermaidRenderer.swift (in target 'MarkDown Mac' from project 'MarkDown Mac')
    cd /Users/mario/Sites/localhost/MarkDown\ Mac
    

SwiftCompile normal arm64 Compiling\ MarkDown_MacApp.swift /Users/mario/Sites/localhost/MarkDown\ Mac/MarkDown\ Mac/MarkDown_MacApp.swift (in target 'MarkDown Mac' from project 'MarkDown Mac')

SwiftCompile normal arm64 /Users/mario/Sites/localhost/MarkDown\ Mac/MarkDown\ Mac/MarkDown_MacApp.swift (in target 'MarkDown Mac' from project 'MarkDown Mac')
    cd /Users/mario/Sites/localhost/MarkDown\ Mac
    

SwiftDriverJobDiscovery normal arm64 Compiling HybridMarkdownEditor.swift (in target 'MarkDown Mac' from project 'MarkDown Mac')

SwiftDriverJobDiscovery normal arm64 Compiling MarkDown_MacApp.swift (in target 'MarkDown Mac' from project 'MarkDown Mac')

SwiftDriverJobDiscovery normal arm64 Compiling HSplitView.swift (in target 'MarkDown Mac' from project 'MarkDown Mac')

SwiftDriverJobDiscovery normal arm64 Compiling MarkdownPreviewView.swift (in target 'MarkDown Mac' from project 'MarkDown Mac')

SwiftDriverJobDiscovery normal arm64 Compiling MermaidRenderer.swift (in target 'MarkDown Mac' from project 'MarkDown Mac')

** BUILD FAILED **


The following build commands failed:
	SwiftCompile normal arm64 /Users/mario/Sites/localhost/MarkDown\ Mac/MarkDown\ Mac/ContentView.swift (in target 'MarkDown Mac' from project 'MarkDown Mac')
	SwiftCompile normal arm64 Compiling\ ContentView.swift /Users/mario/Sites/localhost/MarkDown\ Mac/MarkDown\ Mac/ContentView.swift (in target 'MarkDown Mac' from project 'MarkDown Mac')
	Building project MarkDown Mac with scheme MarkDown Mac and configuration Debug
(3 failures)
